2024-01-17 18:09:36,910 [HUGESUCCESS] bbot.scanner scanner.py:915 Starting scan grievous_shawn
2024-01-17 18:09:37,319 [INFO] bbot.modules.massdns base.py:1229 Brute-forcing subdomains for trickest.io (source: trickest.io)
2024-01-17 18:09:52,136 [INFO] bbot.scanner scanner.py:900 grievous_shawn: Modules running (incoming:processing:outgoing) massdns(119:1:0), speculate(65:1:1), excavate(13:1:35), sslcert(0:13:19), csv(5:1:0), human(5:1:0), json(5:1:0), subdomain_hijack(0:4:0), dnszonetransfer(0:3:0), nmap(1:0:0), asn(1:0:0), internetdb(1:0:0), ipneighbor(1:0:0), oauth(0:1:0)
2024-01-17 18:09:52,136 [INFO] bbot.scanner scanner.py:900 grievous_shawn: Events produced so far: IP_ADDRESS: 269, DNS_NAME: 120, OPEN_TCP_PORT: 55, DNS_NAME_UNRESOLVED: 48, URL_UNVERIFIED: 37, HTTP_RESPONSE: 16, URL: 16, ASN: 10, EMAIL_ADDRESS: 8, TECHNOLOGY: 2, ORG_STUB: 1
2024-01-17 18:09:52,136 [INFO] bbot.scanner scanner.py:900 grievous_shawn: 148 events in queue (DNS_NAME: 87, IP_ADDRESS: 60, OPEN_TCP_PORT: 1)
2024-01-17 18:10:07,354 [INFO] bbot.scanner scanner.py:900 grievous_shawn: Modules running (incoming:processing:outgoing) excavate(2:1:252), httpx(7:1:0), speculate(1:1:1), sslcert(0:2:0), asn(1:1:0), dnscommonsrv(0:2:0), subdomain_hijack(0:2:0), dnszonetransfer(0:1:0), ipneighbor(0:1:0), json(0:1:0)
2024-01-17 18:10:07,354 [INFO] bbot.scanner scanner.py:900 grievous_shawn: Events produced so far: IP_ADDRESS: 477, DNS_NAME: 310, OPEN_TCP_PORT: 70, DNS_NAME_UNRESOLVED: 51, URL_UNVERIFIED: 41, HTTP_RESPONSE: 20, URL: 20, ASN: 10, EMAIL_ADDRESS: 8, TECHNOLOGY: 2, ORG_STUB: 1
2024-01-17 18:10:07,354 [INFO] bbot.scanner scanner.py:900 grievous_shawn: 253 events in queue (DNS_NAME: 187, URL_UNVERIFIED: 66)
2024-01-17 18:10:22,013 [INFO] bbot.scanner scanner.py:593 Finishing scan
2024-01-17 18:10:22,021 [INFO] bbot.modules.massdns base.py:1229 Trying 4,564 mutations against trickest.io (1/1)
2024-01-17 18:10:22,356 [INFO] bbot.scanner scanner.py:900 grievous_shawn: Modules running (incoming:processing:outgoing) massdns(0:1:0)
2024-01-17 18:10:22,356 [INFO] bbot.scanner scanner.py:900 grievous_shawn: Events produced so far: IP_ADDRESS: 506, DNS_NAME: 326, URL_UNVERIFIED: 88, OPEN_TCP_PORT: 79, DNS_NAME_UNRESOLVED: 51, HTTP_RESPONSE: 22, URL: 22, ASN: 11, EMAIL_ADDRESS: 8, TECHNOLOGY: 2, ORG_STUB: 1
2024-01-17 18:10:22,356 [INFO] bbot.scanner scanner.py:900 grievous_shawn: No events in queue
2024-01-17 18:10:37,359 [INFO] bbot.scanner scanner.py:900 grievous_shawn: Modules running (incoming:processing:outgoing) massdns(0:1:0)
2024-01-17 18:10:37,360 [INFO] bbot.scanner scanner.py:900 grievous_shawn: Events produced so far: IP_ADDRESS: 506, DNS_NAME: 326, URL_UNVERIFIED: 88, OPEN_TCP_PORT: 79, DNS_NAME_UNRESOLVED: 51, HTTP_RESPONSE: 22, URL: 22, ASN: 11, EMAIL_ADDRESS: 8, TECHNOLOGY: 2, ORG_STUB: 1
2024-01-17 18:10:37,360 [INFO] bbot.scanner scanner.py:900 grievous_shawn: No events in queue
2024-01-17 18:10:41,794 [INFO] bbot.modules.massdns base.py:1229 Brute-forcing subdomains for staging.trickest.io (source: touch.staging.trickest.io)
2024-01-17 18:10:49,904 [INFO] bbot.scanner scanner.py:593 Finishing scan
2024-01-17 18:10:49,913 [INFO] bbot.modules.massdns base.py:1229 Trying 1,526 mutations against staging.trickest.io (2/2)
2024-01-17 18:10:52,363 [INFO] bbot.scanner scanner.py:900 grievous_shawn: Modules running (incoming:processing:outgoing) massdns(0:1:0)
2024-01-17 18:10:52,363 [INFO] bbot.scanner scanner.py:900 grievous_shawn: Events produced so far: IP_ADDRESS: 559, DNS_NAME: 334, OPEN_TCP_PORT: 89, URL_UNVERIFIED: 89, DNS_NAME_UNRESOLVED: 51, HTTP_RESPONSE: 24, URL: 24, FINDING: 16, ASN: 13, EMAIL_ADDRESS: 8, TECHNOLOGY: 4, ORG_STUB: 1
2024-01-17 18:10:52,364 [INFO] bbot.scanner scanner.py:900 grievous_shawn: No events in queue
2024-01-17 18:10:54,269 [INFO] bbot.modules.asn base.py:1229 +---------+---------------------+--------------+---------------+------------------+-----------+
2024-01-17 18:10:54,269 [INFO] bbot.modules.asn base.py:1229 | ASN     | Subnet              | Host Count   | Name          | Description      | Country   |
2024-01-17 18:10:54,269 [INFO] bbot.modules.asn base.py:1229 +=========+=====================+==============+===============+==================+===========+
2024-01-17 18:10:54,269 [INFO] bbot.modules.asn base.py:1229 | AS16509 | 3.124.0.0/14        | 9            | AMAZON-02     | Amazon.com, Inc. | US        |
2024-01-17 18:10:54,269 [INFO] bbot.modules.asn base.py:1229 +---------+---------------------+--------------+---------------+------------------+-----------+
2024-01-17 18:10:54,269 [INFO] bbot.modules.asn base.py:1229 | AS16509 | 35.156.0.0/14       | 3            | AMAZON-02     | Amazon.com, Inc. | US        |
2024-01-17 18:10:54,270 [INFO] bbot.modules.asn base.py:1229 +---------+---------------------+--------------+---------------+------------------+-----------+
2024-01-17 18:10:54,270 [INFO] bbot.modules.asn base.py:1229 | AS13335 | 104.18.40.0/24      | 3            | CLOUDFLARENET | Cloudflare, Inc. | US        |
2024-01-17 18:10:54,270 [INFO] bbot.modules.asn base.py:1229 +---------+---------------------+--------------+---------------+------------------+-----------+
2024-01-17 18:10:54,270 [INFO] bbot.modules.asn base.py:1229 | AS13335 | 104.18.32.0/20      | 3            | CLOUDFLARENET | Cloudflare, Inc. | US        |
2024-01-17 18:10:54,270 [INFO] bbot.modules.asn base.py:1229 +---------+---------------------+--------------+---------------+------------------+-----------+
2024-01-17 18:10:54,270 [INFO] bbot.modules.asn base.py:1229 | AS13335 | 104.18.32.0/19      | 3            | CLOUDFLARENET | Cloudflare, Inc. | US        |
2024-01-17 18:10:54,271 [INFO] bbot.modules.asn base.py:1229 +---------+---------------------+--------------+---------------+------------------+-----------+
2024-01-17 18:10:54,271 [INFO] bbot.modules.asn base.py:1229 | AS13335 | 104.16.0.0/12       | 3            | CLOUDFLARENET | Cloudflare, Inc. | US        |
2024-01-17 18:10:54,271 [INFO] bbot.modules.asn base.py:1229 +---------+---------------------+--------------+---------------+------------------+-----------+
2024-01-17 18:10:54,271 [INFO] bbot.modules.asn base.py:1229 | AS16509 | 3.64.0.0/12         | 3            | AMAZON-02     | Amazon.com, Inc. | US        |
2024-01-17 18:10:54,271 [INFO] bbot.modules.asn base.py:1229 +---------+---------------------+--------------+---------------+------------------+-----------+
2024-01-17 18:10:54,271 [INFO] bbot.modules.asn base.py:1229 | AS13335 | 2606:4700:4400::/48 | 3            | CLOUDFLARENET | Cloudflare, Inc. | US        |
2024-01-17 18:10:54,271 [INFO] bbot.modules.asn base.py:1229 +---------+---------------------+--------------+---------------+------------------+-----------+
2024-01-17 18:10:54,271 [INFO] bbot.modules.asn base.py:1229 | AS13335 | 172.64.147.0/24     | 3            | CLOUDFLARENET | Cloudflare, Inc. | US        |
2024-01-17 18:10:54,272 [INFO] bbot.modules.asn base.py:1229 +---------+---------------------+--------------+---------------+------------------+-----------+
2024-01-17 18:10:54,272 [INFO] bbot.modules.asn base.py:1229 | AS13335 | 172.64.0.0/16       | 3            | CLOUDFLARENET | Cloudflare, Inc. | US        |
2024-01-17 18:10:54,272 [INFO] bbot.modules.asn base.py:1229 +---------+---------------------+--------------+---------------+------------------+-----------+
2024-01-17 18:10:54,272 [INFO] bbot.modules.asn base.py:1229 | AS16509 | 18.196.0.0/15       | 3            | AMAZON-02     | Amazon.com, Inc. | US        |
2024-01-17 18:10:54,272 [INFO] bbot.modules.asn base.py:1229 +---------+---------------------+--------------+---------------+------------------+-----------+
2024-01-17 18:10:54,272 [INFO] bbot.modules.asn base.py:1229 | AS16509 | 52.28.0.0/16        | 3            | AMAZON-02     | Amazon.com, Inc. | US        |
2024-01-17 18:10:54,272 [INFO] bbot.modules.asn base.py:1229 +---------+---------------------+--------------+---------------+------------------+-----------+
2024-01-17 18:10:54,273 [INFO] bbot.modules.asn base.py:1229 | AS16509 | 3.120.0.0/14        | 2            | AMAZON-02     | Amazon.com, Inc. | US        |
2024-01-17 18:10:54,273 [INFO] bbot.modules.asn base.py:1229 +---------+---------------------+--------------+---------------+------------------+-----------+
2024-01-17 18:10:54,279 [INFO] bbot.modules.aggregate base.py:1229 +------------------+--------------------------------+-----------------------------------------+
2024-01-17 18:10:54,279 [INFO] bbot.modules.aggregate base.py:1229 | Module           | Produced                       | Consumed                                |
2024-01-17 18:10:54,280 [INFO] bbot.modules.aggregate base.py:1229 +==================+================================+=========================================+
2024-01-17 18:10:54,280 [INFO] bbot.modules.aggregate base.py:1229 | excavate         | 67 (67 DNS_NAME)               | 24 (24 HTTP_RESPONSE)                   |
2024-01-17 18:10:54,280 [INFO] bbot.modules.aggregate base.py:1229 +------------------+--------------------------------+-----------------------------------------+
2024-01-17 18:10:54,280 [INFO] bbot.modules.aggregate base.py:1229 | internetdb       | 38 (1 DNS_NAME, 16 FINDING, 17 | 5 (5 DNS_NAME)                          |
2024-01-17 18:10:54,280 [INFO] bbot.modules.aggregate base.py:1229 |                  | OPEN_TCP_PORT, 4 TECHNOLOGY)   |                                         |
2024-01-17 18:10:54,280 [INFO] bbot.modules.aggregate base.py:1229 +------------------+--------------------------------+-----------------------------------------+
2024-01-17 18:10:54,280 [INFO] bbot.modules.aggregate base.py:1229 | httpx            | 24 (24 URL)                    | 30 (21 OPEN_TCP_PORT, 9 URL_UNVERIFIED) |
2024-01-17 18:10:54,280 [INFO] bbot.modules.aggregate base.py:1229 +------------------+--------------------------------+-----------------------------------------+
2024-01-17 18:10:54,281 [INFO] bbot.modules.aggregate base.py:1229 | nmap             | 14 (14 OPEN_TCP_PORT)          | 9 (9 DNS_NAME)                          |
2024-01-17 18:10:54,281 [INFO] bbot.modules.aggregate base.py:1229 +------------------+--------------------------------+-----------------------------------------+
2024-01-17 18:10:54,281 [INFO] bbot.modules.aggregate base.py:1229 | massdns          | 7 (7 DNS_NAME)                 | 2 (2 DNS_NAME)                          |
2024-01-17 18:10:54,281 [INFO] bbot.modules.aggregate base.py:1229 +------------------+--------------------------------+-----------------------------------------+
2024-01-17 18:10:54,281 [INFO] bbot.modules.aggregate base.py:1229 | certspotter      | 3 (3 DNS_NAME)                 | 1 (1 DNS_NAME)                          |
2024-01-17 18:10:54,281 [INFO] bbot.modules.aggregate base.py:1229 +------------------+--------------------------------+-----------------------------------------+
2024-01-17 18:10:54,281 [INFO] bbot.modules.aggregate base.py:1229 | columbus         | 3 (3 DNS_NAME)                 | 1 (1 DNS_NAME)                          |
2024-01-17 18:10:54,281 [INFO] bbot.modules.aggregate base.py:1229 +------------------+--------------------------------+-----------------------------------------+
2024-01-17 18:10:54,282 [INFO] bbot.modules.aggregate base.py:1229 | crt              | 3 (3 DNS_NAME)                 | 1 (1 DNS_NAME)                          |
2024-01-17 18:10:54,282 [INFO] bbot.modules.aggregate base.py:1229 +------------------+--------------------------------+-----------------------------------------+
2024-01-17 18:10:54,282 [INFO] bbot.modules.aggregate base.py:1229 | otx              | 3 (3 DNS_NAME)                 | 1 (1 DNS_NAME)                          |
2024-01-17 18:10:54,282 [INFO] bbot.modules.aggregate base.py:1229 +------------------+--------------------------------+-----------------------------------------+
2024-01-17 18:10:54,282 [INFO] bbot.modules.aggregate base.py:1229 | subdomaincenter  | 3 (3 DNS_NAME)                 | 1 (1 DNS_NAME)                          |
2024-01-17 18:10:54,282 [INFO] bbot.modules.aggregate base.py:1229 +------------------+--------------------------------+-----------------------------------------+
2024-01-17 18:10:54,282 [INFO] bbot.modules.aggregate base.py:1229 | wayback          | 2 (2 DNS_NAME)                 | 1 (1 DNS_NAME)                          |
2024-01-17 18:10:54,282 [INFO] bbot.modules.aggregate base.py:1229 +------------------+--------------------------------+-----------------------------------------+
2024-01-17 18:10:54,283 [INFO] bbot.modules.aggregate base.py:1229 | sslcert          | 2 (2 DNS_NAME)                 | 58 (58 OPEN_TCP_PORT)                   |
2024-01-17 18:10:54,283 [INFO] bbot.modules.aggregate base.py:1229 +------------------+--------------------------------+-----------------------------------------+
2024-01-17 18:10:54,283 [INFO] bbot.modules.aggregate base.py:1229 | leakix           | 1 (1 DNS_NAME)                 | 1 (1 DNS_NAME)                          |
2024-01-17 18:10:54,283 [INFO] bbot.modules.aggregate base.py:1229 +------------------+--------------------------------+-----------------------------------------+
2024-01-17 18:10:54,283 [INFO] bbot.modules.aggregate base.py:1229 | speculate        | 1 (1 ORG_STUB)                 | 233 (97 DNS_NAME, 24 HTTP_RESPONSE, 16  |
2024-01-17 18:10:54,283 [INFO] bbot.modules.aggregate base.py:1229 |                  |                                | IP_ADDRESS, 24 URL, 72 URL_UNVERIFIED)  |
2024-01-17 18:10:54,283 [INFO] bbot.modules.aggregate base.py:1229 +------------------+--------------------------------+-----------------------------------------+
2024-01-17 18:10:54,283 [INFO] bbot.modules.aggregate base.py:1229 | host             | 1 (1 DNS_NAME)                 | 0                                       |
2024-01-17 18:10:54,284 [INFO] bbot.modules.aggregate base.py:1229 +------------------+--------------------------------+-----------------------------------------+
2024-01-17 18:10:54,284 [INFO] bbot.modules.aggregate base.py:1229 | anubisdb         | 0                              | 1 (1 DNS_NAME)                          |
2024-01-17 18:10:54,284 [INFO] bbot.modules.aggregate base.py:1229 +------------------+--------------------------------+-----------------------------------------+
2024-01-17 18:10:54,284 [INFO] bbot.modules.aggregate base.py:1229 | azure_realm      | 0                              | 9 (9 DNS_NAME)                          |
2024-01-17 18:10:54,284 [INFO] bbot.modules.aggregate base.py:1229 +------------------+--------------------------------+-----------------------------------------+
2024-01-17 18:10:54,284 [INFO] bbot.modules.aggregate base.py:1229 | azure_tenant     | 0                              | 1 (1 DNS_NAME)                          |
2024-01-17 18:10:54,284 [INFO] bbot.modules.aggregate base.py:1229 +------------------+--------------------------------+-----------------------------------------+
2024-01-17 18:10:54,284 [INFO] bbot.modules.aggregate base.py:1229 | digitorus        | 0                              | 1 (1 DNS_NAME)                          |
2024-01-17 18:10:54,285 [INFO] bbot.modules.aggregate base.py:1229 +------------------+--------------------------------+-----------------------------------------+
2024-01-17 18:10:54,285 [INFO] bbot.modules.aggregate base.py:1229 | dnscommonsrv     | 0                              | 9 (9 DNS_NAME)                          |
2024-01-17 18:10:54,285 [INFO] bbot.modules.aggregate base.py:1229 +------------------+--------------------------------+-----------------------------------------+
2024-01-17 18:10:54,285 [INFO] bbot.modules.aggregate base.py:1229 | dnsdumpster      | 0                              | 1 (1 DNS_NAME)                          |
2024-01-17 18:10:54,285 [INFO] bbot.modules.aggregate base.py:1229 +------------------+--------------------------------+-----------------------------------------+
2024-01-17 18:10:54,285 [INFO] bbot.modules.aggregate base.py:1229 | dnszonetransfer  | 0                              | 3 (3 DNS_NAME)                          |
2024-01-17 18:10:54,285 [INFO] bbot.modules.aggregate base.py:1229 +------------------+--------------------------------+-----------------------------------------+
2024-01-17 18:10:54,285 [INFO] bbot.modules.aggregate base.py:1229 | hackertarget     | 0                              | 1 (1 DNS_NAME)                          |
2024-01-17 18:10:54,285 [INFO] bbot.modules.aggregate base.py:1229 +------------------+--------------------------------+-----------------------------------------+
2024-01-17 18:10:54,286 [INFO] bbot.modules.aggregate base.py:1229 | myssl            | 0                              | 1 (1 DNS_NAME)                          |
2024-01-17 18:10:54,286 [INFO] bbot.modules.aggregate base.py:1229 +------------------+--------------------------------+-----------------------------------------+
2024-01-17 18:10:54,286 [INFO] bbot.modules.aggregate base.py:1229 | nsec             | 0                              | 3 (3 DNS_NAME)                          |
2024-01-17 18:10:54,286 [INFO] bbot.modules.aggregate base.py:1229 +------------------+--------------------------------+-----------------------------------------+
2024-01-17 18:10:54,286 [INFO] bbot.modules.aggregate base.py:1229 | oauth            | 0                              | 35 (34 DNS_NAME, 1 URL_UNVERIFIED)      |
2024-01-17 18:10:54,286 [INFO] bbot.modules.aggregate base.py:1229 +------------------+--------------------------------+-----------------------------------------+
2024-01-17 18:10:54,286 [INFO] bbot.modules.aggregate base.py:1229 | postman          | 0                              | 1 (1 DNS_NAME)                          |
2024-01-17 18:10:54,286 [INFO] bbot.modules.aggregate base.py:1229 +------------------+--------------------------------+-----------------------------------------+
2024-01-17 18:10:54,287 [INFO] bbot.modules.aggregate base.py:1229 | rapiddns         | 0                              | 1 (1 DNS_NAME)                          |
2024-01-17 18:10:54,287 [INFO] bbot.modules.aggregate base.py:1229 +------------------+--------------------------------+-----------------------------------------+
2024-01-17 18:10:54,287 [INFO] bbot.modules.aggregate base.py:1229 | riddler          | 0                              | 1 (1 DNS_NAME)                          |
2024-01-17 18:10:54,287 [INFO] bbot.modules.aggregate base.py:1229 +------------------+--------------------------------+-----------------------------------------+
2024-01-17 18:10:54,287 [INFO] bbot.modules.aggregate base.py:1229 | sitedossier      | 0                              | 1 (1 DNS_NAME)                          |
2024-01-17 18:10:54,287 [INFO] bbot.modules.aggregate base.py:1229 +------------------+--------------------------------+-----------------------------------------+
2024-01-17 18:10:54,287 [INFO] bbot.modules.aggregate base.py:1229 | subdomain_hijack | 0                              | 250 (238 DNS_NAME, 12                   |
2024-01-17 18:10:54,287 [INFO] bbot.modules.aggregate base.py:1229 |                  |                                | DNS_NAME_UNRESOLVED)                    |
2024-01-17 18:10:54,287 [INFO] bbot.modules.aggregate base.py:1229 +------------------+--------------------------------+-----------------------------------------+
2024-01-17 18:10:54,288 [INFO] bbot.modules.aggregate base.py:1229 | threatminer      | 0                              | 1 (1 DNS_NAME)                          |
2024-01-17 18:10:54,288 [INFO] bbot.modules.aggregate base.py:1229 +------------------+--------------------------------+-----------------------------------------+
2024-01-17 18:10:54,288 [INFO] bbot.modules.aggregate base.py:1229 | urlscan          | 0                              | 1 (1 DNS_NAME)                          |
2024-01-17 18:10:54,288 [INFO] bbot.modules.aggregate base.py:1229 +------------------+--------------------------------+-----------------------------------------+
2024-01-17 18:10:54,288 [INFO] bbot.modules.aggregate base.py:1229 | github_org       | 0                              | 1 (1 ORG_STUB)                          |
2024-01-17 18:10:54,288 [INFO] bbot.modules.aggregate base.py:1229 +------------------+--------------------------------+-----------------------------------------+
2024-01-17 18:10:54,288 [INFO] bbot.modules.aggregate base.py:1229 | NS               | 0                              | 0                                       |
2024-01-17 18:10:54,289 [INFO] bbot.modules.aggregate base.py:1229 +------------------+--------------------------------+-----------------------------------------+
2024-01-17 18:10:54,289 [INFO] bbot.modules.aggregate base.py:1229 | A                | 0                              | 0                                       |
2024-01-17 18:10:54,289 [INFO] bbot.modules.aggregate base.py:1229 +------------------+--------------------------------+-----------------------------------------+
2024-01-17 18:10:54,289 [INFO] bbot.modules.aggregate base.py:1229 | ipneighbor       | 0                              | 16 (16 IP_ADDRESS)                      |
2024-01-17 18:10:54,289 [INFO] bbot.modules.aggregate base.py:1229 +------------------+--------------------------------+-----------------------------------------+
2024-01-17 18:10:54,289 [INFO] bbot.modules.aggregate base.py:1229 | SOA              | 0                              | 0                                       |
2024-01-17 18:10:54,290 [INFO] bbot.modules.aggregate base.py:1229 +------------------+--------------------------------+-----------------------------------------+
2024-01-17 18:10:54,290 [INFO] bbot.modules.aggregate base.py:1229 | AAAA             | 0                              | 0                                       |
2024-01-17 18:10:54,290 [INFO] bbot.modules.aggregate base.py:1229 +------------------+--------------------------------+-----------------------------------------+
2024-01-17 18:10:54,290 [INFO] bbot.modules.aggregate base.py:1229 | CNAME            | 0                              | 0                                       |
2024-01-17 18:10:54,290 [INFO] bbot.modules.aggregate base.py:1229 +------------------+--------------------------------+-----------------------------------------+
2024-01-17 18:10:54,290 [INFO] bbot.modules.aggregate base.py:1229 | MX               | 0                              | 0                                       |
2024-01-17 18:10:54,290 [INFO] bbot.modules.aggregate base.py:1229 +------------------+--------------------------------+-----------------------------------------+
2024-01-17 18:10:54,291 [INFO] bbot.modules.aggregate base.py:1229 | TXT              | 0                              | 0                                       |
2024-01-17 18:10:54,291 [INFO] bbot.modules.aggregate base.py:1229 +------------------+--------------------------------+-----------------------------------------+
2024-01-17 18:10:54,292 [INFO] bbot.modules.output.asset_inventory base.py:1229 +-------------+--------------+
2024-01-17 18:10:54,292 [INFO] bbot.modules.output.asset_inventory base.py:1229 | Domains     |              |
2024-01-17 18:10:54,292 [INFO] bbot.modules.output.asset_inventory base.py:1229 +=============+==============+
2024-01-17 18:10:54,293 [INFO] bbot.modules.output.asset_inventory base.py:1229 | trickest.io | 8/8 (100.0%) |
2024-01-17 18:10:54,293 [INFO] bbot.modules.output.asset_inventory base.py:1229 +-------------+--------------+
2024-01-17 18:10:54,293 [INFO] bbot.modules.output.asset_inventory base.py:1229 +----------------+-------------+
2024-01-17 18:10:54,294 [INFO] bbot.modules.output.asset_inventory base.py:1229 | IP Addresses   |             |
2024-01-17 18:10:54,294 [INFO] bbot.modules.output.asset_inventory base.py:1229 +================+=============+
2024-01-17 18:10:54,294 [INFO] bbot.modules.output.asset_inventory base.py:1229 | 3.125.0.0/16   | 3/9 (33.3%) |
2024-01-17 18:10:54,294 [INFO] bbot.modules.output.asset_inventory base.py:1229 +----------------+-------------+
2024-01-17 18:10:54,294 [INFO] bbot.modules.output.asset_inventory base.py:1229 | 10.60.0.0/16   | 3/9 (33.3%) |
2024-01-17 18:10:54,294 [INFO] bbot.modules.output.asset_inventory base.py:1229 +----------------+-------------+
2024-01-17 18:10:54,294 [INFO] bbot.modules.output.asset_inventory base.py:1229 | 172.64.0.0/16  | 1/9 (11.1%) |
2024-01-17 18:10:54,294 [INFO] bbot.modules.output.asset_inventory base.py:1229 +----------------+-------------+
2024-01-17 18:10:54,295 [INFO] bbot.modules.output.asset_inventory base.py:1229 | 3.75.0.0/16    | 1/9 (11.1%) |
2024-01-17 18:10:54,295 [INFO] bbot.modules.output.asset_inventory base.py:1229 +----------------+-------------+
2024-01-17 18:10:54,295 [INFO] bbot.modules.output.asset_inventory base.py:1229 | 35.158.0.0/16  | 1/9 (11.1%) |
2024-01-17 18:10:54,295 [INFO] bbot.modules.output.asset_inventory base.py:1229 +----------------+-------------+
2024-01-17 18:10:54,296 [INFO] bbot.modules.output.asset_inventory base.py:1229 +--------------+--------------+
2024-01-17 18:10:54,296 [INFO] bbot.modules.output.asset_inventory base.py:1229 | Open Ports   |              |
2024-01-17 18:10:54,296 [INFO] bbot.modules.output.asset_inventory base.py:1229 +==============+==============+
2024-01-17 18:10:54,296 [INFO] bbot.modules.output.asset_inventory base.py:1229 | 80           | 6/21 (28.6%) |
2024-01-17 18:10:54,296 [INFO] bbot.modules.output.asset_inventory base.py:1229 +--------------+--------------+
2024-01-17 18:10:54,297 [INFO] bbot.modules.output.asset_inventory base.py:1229 | 443          | 6/21 (28.6%) |
2024-01-17 18:10:54,297 [INFO] bbot.modules.output.asset_inventory base.py:1229 +--------------+--------------+
2024-01-17 18:10:54,297 [INFO] bbot.modules.output.asset_inventory base.py:1229 | 2053         | 1/21 (4.8%)  |
2024-01-17 18:10:54,297 [INFO] bbot.modules.output.asset_inventory base.py:1229 +--------------+--------------+
2024-01-17 18:10:54,297 [INFO] bbot.modules.output.asset_inventory base.py:1229 | 2082         | 1/21 (4.8%)  |
2024-01-17 18:10:54,297 [INFO] bbot.modules.output.asset_inventory base.py:1229 +--------------+--------------+
2024-01-17 18:10:54,297 [INFO] bbot.modules.output.asset_inventory base.py:1229 | 2083         | 1/21 (4.8%)  |
2024-01-17 18:10:54,297 [INFO] bbot.modules.output.asset_inventory base.py:1229 +--------------+--------------+
2024-01-17 18:10:54,298 [INFO] bbot.modules.output.asset_inventory base.py:1229 | 2086         | 1/21 (4.8%)  |
2024-01-17 18:10:54,298 [INFO] bbot.modules.output.asset_inventory base.py:1229 +--------------+--------------+
2024-01-17 18:10:54,298 [INFO] bbot.modules.output.asset_inventory base.py:1229 | 2087         | 1/21 (4.8%)  |
2024-01-17 18:10:54,298 [INFO] bbot.modules.output.asset_inventory base.py:1229 +--------------+--------------+
2024-01-17 18:10:54,298 [INFO] bbot.modules.output.asset_inventory base.py:1229 | 2096         | 1/21 (4.8%)  |
2024-01-17 18:10:54,298 [INFO] bbot.modules.output.asset_inventory base.py:1229 +--------------+--------------+
2024-01-17 18:10:54,298 [INFO] bbot.modules.output.asset_inventory base.py:1229 | 8080         | 1/21 (4.8%)  |
2024-01-17 18:10:54,298 [INFO] bbot.modules.output.asset_inventory base.py:1229 +--------------+--------------+
2024-01-17 18:10:54,299 [INFO] bbot.modules.output.asset_inventory base.py:1229 | 8443         | 1/21 (4.8%)  |
2024-01-17 18:10:54,299 [INFO] bbot.modules.output.asset_inventory base.py:1229 +--------------+--------------+
2024-01-17 18:10:54,299 [INFO] bbot.modules.output.asset_inventory base.py:1229 | 8880         | 1/21 (4.8%)  |
2024-01-17 18:10:54,299 [INFO] bbot.modules.output.asset_inventory base.py:1229 +--------------+--------------+
2024-01-17 18:10:54,299 [INFO] bbot.modules.output.asset_inventory base.py:1229 Saved asset-inventory output to /home/kali/.bbot/scans/grievous_shawn/asset-inventory.csv
2024-01-17 18:10:54,299 [INFO] bbot.modules.output.csv base.py:1229 Saved CSV output to /home/kali/.bbot/scans/grievous_shawn/output.csv
2024-01-17 18:10:54,300 [INFO] bbot.modules.output.human base.py:1229 Saved TXT output to /home/kali/.bbot/scans/grievous_shawn/output.txt
2024-01-17 18:10:54,300 [INFO] bbot.modules.output.json base.py:1229 Saved JSON output to /home/kali/.bbot/scans/grievous_shawn/output.ndjson
2024-01-17 18:10:54,300 [INFO] bbot.modules.output.subdomains base.py:1229 Saved subdomains to /home/kali/.bbot/scans/grievous_shawn/subdomains.txt
2024-01-17 18:10:54,302 [HUGESUCCESS] bbot.scanner scanner.py:915 Scan grievous_shawn completed in 1 minute, 17 seconds with status FINISHED
