2024-01-17 18:08:39,356 [HUGESUCCESS] bbot.scanner scanner.py:915 Starting scan imaginary_bombadil
2024-01-17 18:08:40,842 [INFO] bbot.modules.massdns base.py:1229 Brute-forcing subdomains for trickest.com (source: trickest.com)
2024-01-17 18:08:54,418 [INFO] bbot.scanner scanner.py:900 imaginary_bombadil: Modules running (incoming:processing:outgoing) subdomain_hijack(7:5:0), sslcert(0:4:0), dnszonetransfer(0:2:0)
2024-01-17 18:08:54,418 [INFO] bbot.scanner scanner.py:900 imaginary_bombadil: Events produced so far: IP_ADDRESS: 202, DNS_NAME: 148, DNS_NAME_UNRESOLVED: 148, URL_UNVERIFIED: 43, CODE_REPOSITORY: 26, OPEN_TCP_PORT: 16, EMAIL_ADDRESS: 9, ASN: 6, HTTP_RESPONSE: 5, URL: 5, ORG_STUB: 1, SOCIAL: 1
2024-01-17 18:08:54,418 [INFO] bbot.scanner scanner.py:900 imaginary_bombadil: No events in queue
2024-01-17 18:09:03,624 [INFO] bbot.scanner scanner.py:593 Finishing scan
2024-01-17 18:09:03,629 [INFO] bbot.modules.massdns base.py:1229 Trying 3,119 mutations against trickest.com (1/1)
2024-01-17 18:09:07,878 [INFO] bbot.scanner scanner.py:593 Finishing scan
2024-01-17 18:09:07,984 [INFO] bbot.modules.asn base.py:1229 +---------+-----------------+--------------+-----------+------------------+-----------+
2024-01-17 18:09:07,984 [INFO] bbot.modules.asn base.py:1229 | ASN     | Subnet          | Host Count   | Name      | Description      | Country   |
2024-01-17 18:09:07,985 [INFO] bbot.modules.asn base.py:1229 +=========+=================+==============+===========+==================+===========+
2024-01-17 18:09:07,985 [INFO] bbot.modules.asn base.py:1229 | AS16509 | 3.64.0.0/12     | 3            | AMAZON-02 | Amazon.com, Inc. | US        |
2024-01-17 18:09:07,985 [INFO] bbot.modules.asn base.py:1229 +---------+-----------------+--------------+-----------+------------------+-----------+
2024-01-17 18:09:07,985 [INFO] bbot.modules.asn base.py:1229 | AS16509 | 2a05:d014::/36  | 3            | AMAZON-02 | Amazon.com, Inc. | US        |
2024-01-17 18:09:07,985 [INFO] bbot.modules.asn base.py:1229 +---------+-----------------+--------------+-----------+------------------+-----------+
2024-01-17 18:09:07,985 [INFO] bbot.modules.asn base.py:1229 | AS16509 | 2a05:d014::/35  | 3            | AMAZON-02 | Amazon.com, Inc. | US        |
2024-01-17 18:09:07,986 [INFO] bbot.modules.asn base.py:1229 +---------+-----------------+--------------+-----------+------------------+-----------+
2024-01-17 18:09:07,986 [INFO] bbot.modules.asn base.py:1229 | AS16509 | 75.2.48.0/20    | 2            | AMAZON-02 | Amazon.com, Inc. | US        |
2024-01-17 18:09:07,986 [INFO] bbot.modules.asn base.py:1229 +---------+-----------------+--------------+-----------+------------------+-----------+
2024-01-17 18:09:07,986 [INFO] bbot.modules.asn base.py:1229 | AS16509 | 2a05:d014::/38  | 2            | AMAZON-02 | Amazon.com, Inc. | US        |
2024-01-17 18:09:07,986 [INFO] bbot.modules.asn base.py:1229 +---------+-----------------+--------------+-----------+------------------+-----------+
2024-01-17 18:09:07,986 [INFO] bbot.modules.asn base.py:1229 | AS16276 | 141.95.128.0/17 | 2            | OVH       | OVH SAS          | FR        |
2024-01-17 18:09:07,986 [INFO] bbot.modules.asn base.py:1229 +---------+-----------------+--------------+-----------+------------------+-----------+
2024-01-17 18:09:07,992 [INFO] bbot.modules.aggregate base.py:1229 +------------------+-----------------------------------+---------------------------------------+
2024-01-17 18:09:07,993 [INFO] bbot.modules.aggregate base.py:1229 | Module           | Produced                          | Consumed                              |
2024-01-17 18:09:07,993 [INFO] bbot.modules.aggregate base.py:1229 +==================+===================================+=======================================+
2024-01-17 18:09:07,993 [INFO] bbot.modules.aggregate base.py:1229 | github_org       | 27 (26 CODE_REPOSITORY, 1 SOCIAL) | 2 (1 ORG_STUB, 1 SOCIAL)              |
2024-01-17 18:09:07,993 [INFO] bbot.modules.aggregate base.py:1229 +------------------+-----------------------------------+---------------------------------------+
2024-01-17 18:09:07,993 [INFO] bbot.modules.aggregate base.py:1229 | internetdb       | 5 (5 OPEN_TCP_PORT)               | 3 (3 DNS_NAME)                        |
2024-01-17 18:09:07,993 [INFO] bbot.modules.aggregate base.py:1229 +------------------+-----------------------------------+---------------------------------------+
2024-01-17 18:09:07,993 [INFO] bbot.modules.aggregate base.py:1229 | httpx            | 5 (5 URL)                         | 6 (5 OPEN_TCP_PORT, 1 URL_UNVERIFIED) |
2024-01-17 18:09:07,994 [INFO] bbot.modules.aggregate base.py:1229 +------------------+-----------------------------------+---------------------------------------+
2024-01-17 18:09:07,994 [INFO] bbot.modules.aggregate base.py:1229 | certspotter      | 4 (4 DNS_NAME)                    | 1 (1 DNS_NAME)                        |
2024-01-17 18:09:07,994 [INFO] bbot.modules.aggregate base.py:1229 +------------------+-----------------------------------+---------------------------------------+
2024-01-17 18:09:07,994 [INFO] bbot.modules.aggregate base.py:1229 | columbus         | 4 (4 DNS_NAME)                    | 1 (1 DNS_NAME)                        |
2024-01-17 18:09:07,994 [INFO] bbot.modules.aggregate base.py:1229 +------------------+-----------------------------------+---------------------------------------+
2024-01-17 18:09:07,994 [INFO] bbot.modules.aggregate base.py:1229 | crt              | 4 (4 DNS_NAME)                    | 1 (1 DNS_NAME)                        |
2024-01-17 18:09:07,994 [INFO] bbot.modules.aggregate base.py:1229 +------------------+-----------------------------------+---------------------------------------+
2024-01-17 18:09:07,994 [INFO] bbot.modules.aggregate base.py:1229 | subdomaincenter  | 4 (4 DNS_NAME)                    | 1 (1 DNS_NAME)                        |
2024-01-17 18:09:07,995 [INFO] bbot.modules.aggregate base.py:1229 +------------------+-----------------------------------+---------------------------------------+
2024-01-17 18:09:07,995 [INFO] bbot.modules.aggregate base.py:1229 | leakix           | 3 (3 DNS_NAME)                    | 1 (1 DNS_NAME)                        |
2024-01-17 18:09:07,995 [INFO] bbot.modules.aggregate base.py:1229 +------------------+-----------------------------------+---------------------------------------+
2024-01-17 18:09:07,995 [INFO] bbot.modules.aggregate base.py:1229 | massdns          | 3 (3 DNS_NAME)                    | 1 (1 DNS_NAME)                        |
2024-01-17 18:09:07,995 [INFO] bbot.modules.aggregate base.py:1229 +------------------+-----------------------------------+---------------------------------------+
2024-01-17 18:09:07,995 [INFO] bbot.modules.aggregate base.py:1229 | otx              | 3 (3 DNS_NAME)                    | 1 (1 DNS_NAME)                        |
2024-01-17 18:09:07,995 [INFO] bbot.modules.aggregate base.py:1229 +------------------+-----------------------------------+---------------------------------------+
2024-01-17 18:09:07,995 [INFO] bbot.modules.aggregate base.py:1229 | wayback          | 3 (3 DNS_NAME)                    | 1 (1 DNS_NAME)                        |
2024-01-17 18:09:07,996 [INFO] bbot.modules.aggregate base.py:1229 +------------------+-----------------------------------+---------------------------------------+
2024-01-17 18:09:07,996 [INFO] bbot.modules.aggregate base.py:1229 | dnsdumpster      | 1 (1 DNS_NAME)                    | 1 (1 DNS_NAME)                        |
2024-01-17 18:09:07,996 [INFO] bbot.modules.aggregate base.py:1229 +------------------+-----------------------------------+---------------------------------------+
2024-01-17 18:09:07,996 [INFO] bbot.modules.aggregate base.py:1229 | hackertarget     | 1 (1 DNS_NAME)                    | 1 (1 DNS_NAME)                        |
2024-01-17 18:09:07,996 [INFO] bbot.modules.aggregate base.py:1229 +------------------+-----------------------------------+---------------------------------------+
2024-01-17 18:09:07,996 [INFO] bbot.modules.aggregate base.py:1229 | rapiddns         | 1 (1 DNS_NAME)                    | 1 (1 DNS_NAME)                        |
2024-01-17 18:09:07,996 [INFO] bbot.modules.aggregate base.py:1229 +------------------+-----------------------------------+---------------------------------------+
2024-01-17 18:09:07,996 [INFO] bbot.modules.aggregate base.py:1229 | urlscan          | 1 (1 DNS_NAME)                    | 1 (1 DNS_NAME)                        |
2024-01-17 18:09:07,997 [INFO] bbot.modules.aggregate base.py:1229 +------------------+-----------------------------------+---------------------------------------+
2024-01-17 18:09:07,997 [INFO] bbot.modules.aggregate base.py:1229 | speculate        | 1 (1 ORG_STUB)                    | 95 (41 DNS_NAME, 5 HTTP_RESPONSE, 6   |
2024-01-17 18:09:07,997 [INFO] bbot.modules.aggregate base.py:1229 |                  |                                   | IP_ADDRESS, 1 SOCIAL, 5 URL, 37       |
2024-01-17 18:09:07,997 [INFO] bbot.modules.aggregate base.py:1229 |                  |                                   | URL_UNVERIFIED)                       |
2024-01-17 18:09:07,997 [INFO] bbot.modules.aggregate base.py:1229 +------------------+-----------------------------------+---------------------------------------+
2024-01-17 18:09:07,997 [INFO] bbot.modules.aggregate base.py:1229 | host             | 1 (1 DNS_NAME)                    | 0                                     |
2024-01-17 18:09:07,997 [INFO] bbot.modules.aggregate base.py:1229 +------------------+-----------------------------------+---------------------------------------+
2024-01-17 18:09:07,997 [INFO] bbot.modules.aggregate base.py:1229 | excavate         | 1 (1 EMAIL_ADDRESS)               | 5 (5 HTTP_RESPONSE)                   |
2024-01-17 18:09:07,998 [INFO] bbot.modules.aggregate base.py:1229 +------------------+-----------------------------------+---------------------------------------+
2024-01-17 18:09:07,998 [INFO] bbot.modules.aggregate base.py:1229 | anubisdb         | 0                                 | 1 (1 DNS_NAME)                        |
2024-01-17 18:09:07,998 [INFO] bbot.modules.aggregate base.py:1229 +------------------+-----------------------------------+---------------------------------------+
2024-01-17 18:09:07,998 [INFO] bbot.modules.aggregate base.py:1229 | azure_realm      | 0                                 | 5 (5 DNS_NAME)                        |
2024-01-17 18:09:07,998 [INFO] bbot.modules.aggregate base.py:1229 +------------------+-----------------------------------+---------------------------------------+
2024-01-17 18:09:07,998 [INFO] bbot.modules.aggregate base.py:1229 | azure_tenant     | 0                                 | 1 (1 DNS_NAME)                        |
2024-01-17 18:09:07,998 [INFO] bbot.modules.aggregate base.py:1229 +------------------+-----------------------------------+---------------------------------------+
2024-01-17 18:09:07,998 [INFO] bbot.modules.aggregate base.py:1229 | digitorus        | 0                                 | 1 (1 DNS_NAME)                        |
2024-01-17 18:09:07,999 [INFO] bbot.modules.aggregate base.py:1229 +------------------+-----------------------------------+---------------------------------------+
2024-01-17 18:09:07,999 [INFO] bbot.modules.aggregate base.py:1229 | dnscommonsrv     | 0                                 | 5 (5 DNS_NAME)                        |
2024-01-17 18:09:07,999 [INFO] bbot.modules.aggregate base.py:1229 +------------------+-----------------------------------+---------------------------------------+
2024-01-17 18:09:07,999 [INFO] bbot.modules.aggregate base.py:1229 | dnszonetransfer  | 0                                 | 2 (2 DNS_NAME)                        |
2024-01-17 18:09:07,999 [INFO] bbot.modules.aggregate base.py:1229 +------------------+-----------------------------------+---------------------------------------+
2024-01-17 18:09:07,999 [INFO] bbot.modules.aggregate base.py:1229 | myssl            | 0                                 | 1 (1 DNS_NAME)                        |
2024-01-17 18:09:07,999 [INFO] bbot.modules.aggregate base.py:1229 +------------------+-----------------------------------+---------------------------------------+
2024-01-17 18:09:07,999 [INFO] bbot.modules.aggregate base.py:1229 | nsec             | 0                                 | 2 (2 DNS_NAME)                        |
2024-01-17 18:09:07,999 [INFO] bbot.modules.aggregate base.py:1229 +------------------+-----------------------------------+---------------------------------------+
2024-01-17 18:09:08,000 [INFO] bbot.modules.aggregate base.py:1229 | oauth            | 0                                 | 8 (7 DNS_NAME, 1 URL_UNVERIFIED)      |
2024-01-17 18:09:08,000 [INFO] bbot.modules.aggregate base.py:1229 +------------------+-----------------------------------+---------------------------------------+
2024-01-17 18:09:08,000 [INFO] bbot.modules.aggregate base.py:1229 | postman          | 0                                 | 1 (1 DNS_NAME)                        |
2024-01-17 18:09:08,000 [INFO] bbot.modules.aggregate base.py:1229 +------------------+-----------------------------------+---------------------------------------+
2024-01-17 18:09:08,000 [INFO] bbot.modules.aggregate base.py:1229 | riddler          | 0                                 | 1 (1 DNS_NAME)                        |
2024-01-17 18:09:08,000 [INFO] bbot.modules.aggregate base.py:1229 +------------------+-----------------------------------+---------------------------------------+
2024-01-17 18:09:08,000 [INFO] bbot.modules.aggregate base.py:1229 | sitedossier      | 0                                 | 1 (1 DNS_NAME)                        |
2024-01-17 18:09:08,000 [INFO] bbot.modules.aggregate base.py:1229 +------------------+-----------------------------------+---------------------------------------+
2024-01-17 18:09:08,001 [INFO] bbot.modules.aggregate base.py:1229 | subdomain_hijack | 0                                 | 156 (105 DNS_NAME, 51                 |
2024-01-17 18:09:08,001 [INFO] bbot.modules.aggregate base.py:1229 |                  |                                   | DNS_NAME_UNRESOLVED)                  |
2024-01-17 18:09:08,001 [INFO] bbot.modules.aggregate base.py:1229 +------------------+-----------------------------------+---------------------------------------+
2024-01-17 18:09:08,001 [INFO] bbot.modules.aggregate base.py:1229 | threatminer      | 0                                 | 1 (1 DNS_NAME)                        |
2024-01-17 18:09:08,001 [INFO] bbot.modules.aggregate base.py:1229 +------------------+-----------------------------------+---------------------------------------+
2024-01-17 18:09:08,001 [INFO] bbot.modules.aggregate base.py:1229 | MX               | 0                                 | 0                                     |
2024-01-17 18:09:08,001 [INFO] bbot.modules.aggregate base.py:1229 +------------------+-----------------------------------+---------------------------------------+
2024-01-17 18:09:08,001 [INFO] bbot.modules.aggregate base.py:1229 | SOA              | 0                                 | 0                                     |
2024-01-17 18:09:08,002 [INFO] bbot.modules.aggregate base.py:1229 +------------------+-----------------------------------+---------------------------------------+
2024-01-17 18:09:08,002 [INFO] bbot.modules.aggregate base.py:1229 | TXT              | 0                                 | 0                                     |
2024-01-17 18:09:08,002 [INFO] bbot.modules.aggregate base.py:1229 +------------------+-----------------------------------+---------------------------------------+
2024-01-17 18:09:08,002 [INFO] bbot.modules.aggregate base.py:1229 | NS               | 0                                 | 0                                     |
2024-01-17 18:09:08,002 [INFO] bbot.modules.aggregate base.py:1229 +------------------+-----------------------------------+---------------------------------------+
2024-01-17 18:09:08,002 [INFO] bbot.modules.aggregate base.py:1229 | A                | 0                                 | 0                                     |
2024-01-17 18:09:08,002 [INFO] bbot.modules.aggregate base.py:1229 +------------------+-----------------------------------+---------------------------------------+
2024-01-17 18:09:08,003 [INFO] bbot.modules.aggregate base.py:1229 | ipneighbor       | 0                                 | 6 (6 IP_ADDRESS)                      |
2024-01-17 18:09:08,003 [INFO] bbot.modules.aggregate base.py:1229 +------------------+-----------------------------------+---------------------------------------+
2024-01-17 18:09:08,003 [INFO] bbot.modules.aggregate base.py:1229 | AAAA             | 0                                 | 0                                     |
2024-01-17 18:09:08,003 [INFO] bbot.modules.aggregate base.py:1229 +------------------+-----------------------------------+---------------------------------------+
2024-01-17 18:09:08,003 [INFO] bbot.modules.aggregate base.py:1229 | PTR              | 0                                 | 0                                     |
2024-01-17 18:09:08,003 [INFO] bbot.modules.aggregate base.py:1229 +------------------+-----------------------------------+---------------------------------------+
2024-01-17 18:09:08,003 [INFO] bbot.modules.aggregate base.py:1229 | CNAME            | 0                                 | 0                                     |
2024-01-17 18:09:08,003 [INFO] bbot.modules.aggregate base.py:1229 +------------------+-----------------------------------+---------------------------------------+
2024-01-17 18:09:08,004 [INFO] bbot.modules.aggregate base.py:1229 | sslcert          | 0                                 | 11 (11 OPEN_TCP_PORT)                 |
2024-01-17 18:09:08,004 [INFO] bbot.modules.aggregate base.py:1229 +------------------+-----------------------------------+---------------------------------------+
2024-01-17 18:09:08,005 [INFO] bbot.modules.output.asset_inventory base.py:1229 +--------------+--------------+
2024-01-17 18:09:08,005 [INFO] bbot.modules.output.asset_inventory base.py:1229 | Domains      |              |
2024-01-17 18:09:08,005 [INFO] bbot.modules.output.asset_inventory base.py:1229 +==============+==============+
2024-01-17 18:09:08,005 [INFO] bbot.modules.output.asset_inventory base.py:1229 | trickest.com | 5/5 (100.0%) |
2024-01-17 18:09:08,006 [INFO] bbot.modules.output.asset_inventory base.py:1229 +--------------+--------------+
2024-01-17 18:09:08,006 [INFO] bbot.modules.output.asset_inventory base.py:1229 +----------------+-------------+
2024-01-17 18:09:08,006 [INFO] bbot.modules.output.asset_inventory base.py:1229 | IP Addresses   |             |
2024-01-17 18:09:08,007 [INFO] bbot.modules.output.asset_inventory base.py:1229 +================+=============+
2024-01-17 18:09:08,007 [INFO] bbot.modules.output.asset_inventory base.py:1229 | 75.2.0.0/16    | 2/4 (50.0%) |
2024-01-17 18:09:08,007 [INFO] bbot.modules.output.asset_inventory base.py:1229 +----------------+-------------+
2024-01-17 18:09:08,007 [INFO] bbot.modules.output.asset_inventory base.py:1229 | 3.72.0.0/16    | 1/4 (25.0%) |
2024-01-17 18:09:08,007 [INFO] bbot.modules.output.asset_inventory base.py:1229 +----------------+-------------+
2024-01-17 18:09:08,007 [INFO] bbot.modules.output.asset_inventory base.py:1229 | 141.95.0.0/16  | 1/4 (25.0%) |
2024-01-17 18:09:08,007 [INFO] bbot.modules.output.asset_inventory base.py:1229 +----------------+-------------+
2024-01-17 18:09:08,008 [INFO] bbot.modules.output.asset_inventory base.py:1229 +--------------+-------------+
2024-01-17 18:09:08,008 [INFO] bbot.modules.output.asset_inventory base.py:1229 | Open Ports   |             |
2024-01-17 18:09:08,008 [INFO] bbot.modules.output.asset_inventory base.py:1229 +==============+=============+
2024-01-17 18:09:08,008 [INFO] bbot.modules.output.asset_inventory base.py:1229 | 80           | 3/5 (60.0%) |
2024-01-17 18:09:08,008 [INFO] bbot.modules.output.asset_inventory base.py:1229 +--------------+-------------+
2024-01-17 18:09:08,009 [INFO] bbot.modules.output.asset_inventory base.py:1229 | 443          | 2/5 (40.0%) |
2024-01-17 18:09:08,009 [INFO] bbot.modules.output.asset_inventory base.py:1229 +--------------+-------------+
2024-01-17 18:09:08,009 [INFO] bbot.modules.output.asset_inventory base.py:1229 Saved asset-inventory output to /home/kali/.bbot/scans/imaginary_bombadil/asset-inventory.csv
2024-01-17 18:09:08,009 [INFO] bbot.modules.output.csv base.py:1229 Saved CSV output to /home/kali/.bbot/scans/imaginary_bombadil/output.csv
2024-01-17 18:09:08,009 [INFO] bbot.modules.output.human base.py:1229 Saved TXT output to /home/kali/.bbot/scans/imaginary_bombadil/output.txt
2024-01-17 18:09:08,010 [INFO] bbot.modules.output.json base.py:1229 Saved JSON output to /home/kali/.bbot/scans/imaginary_bombadil/output.ndjson
2024-01-17 18:09:08,010 [INFO] bbot.modules.output.subdomains base.py:1229 Saved subdomains to /home/kali/.bbot/scans/imaginary_bombadil/subdomains.txt
2024-01-17 18:09:08,011 [HUGESUCCESS] bbot.scanner scanner.py:915 Scan imaginary_bombadil completed in 28 seconds with status FINISHED
